[INFO] Scanning for projects...
[INFO] Loaded 22430 auto-discovered prefixes for remote repository central (prefixes-central.txt)
[INFO] 
[INFO] -----------------------< bai4_qlsp_LeBinh:demo >------------------------
[INFO] Building bai4_qlsp_LeBinh 0.0.1-SNAPSHOT
[INFO]   from pom.xml
[INFO] --------------------------------[ jar ]---------------------------------
[WARNING] Could not transfer metadata /.meta/prefixes.txt from/to apache.snapshots-c1d4c55f9308e5ac18a4069bed41dca64d85c515 (https://repository.apache.org/snapshots): HTTP connect timed out
[INFO] 
[INFO] >>> spring-boot:4.0.3:run (default-cli) > test-compile @ demo >>>
[INFO] 
[INFO] --- resources:3.3.1:resources (default-resources) @ demo ---
[INFO] Copying 1 resource from src\main\resources to target\classes
[INFO] Copying 7 resources from src\main\resources to target\classes
[INFO] 
[INFO] --- compiler:3.14.1:compile (default-compile) @ demo ---
[INFO] Nothing to compile - all classes are up to date.
[INFO] 
[INFO] --- resources:3.3.1:testResources (default-testResources) @ demo ---
[INFO] skip non existing resourceDirectory C:\Users\Extreme\IdeaProjects\DoAncuoiKiJ2ee\backend\src\test\resources
[INFO] 
[INFO] --- compiler:3.14.1:testCompile (default-testCompile) @ demo ---
[INFO] Nothing to compile - all classes are up to date.
[INFO] 
[INFO] <<< spring-boot:4.0.3:run (default-cli) < test-compile @ demo <<<
[INFO] 
[INFO] 
[INFO] --- spring-boot:4.0.3:run (default-cli) @ demo ---
[INFO] Loaded 50 auto-discovered prefixes for remote repository ow2-snapshot (prefixes-ow2-snapshot-40669f8efefaadb4c1705a2585cefc8851f735ac.txt)
[INFO] Attaching agents: []

  .   ____          _            __ _ _
 /\\ / ___'_ __ _ _(_)_ __  __ _ \ \ \ \
( ( )\___ | '_ | '_| | '_ \/ _` | \ \ \ \
 \\/  ___)| |_)| | | | | || (_| |  ) ) ) )
  '  |____| .__|_| |_|_| |_\__, | / / / /
 =========|_|==============|___/=/_/_/_/

 :: Spring Boot ::                (v4.0.3)

2026-03-28T01:54:37.819+07:00  INFO 46984 --- [bai4_qlsp_LeBinh] [           main] b.demo.Bai4QlspLeBinhApplication         : Starting Bai4QlspLeBinhApplication using Java 21.0.7 with PID 46984 (C:\Users\Extreme\IdeaProjects\DoAncuoiKiJ2ee\backend\target\classes started by Extreme in C:\Users\Extreme\IdeaProjects\DoAncuoiKiJ2ee\backend)
2026-03-28T01:54:37.822+07:00  INFO 46984 --- [bai4_qlsp_LeBinh] [           main] b.demo.Bai4QlspLeBinhApplication         : No active profile set, falling back to 1 default profile: "default"
2026-03-28T01:54:38.369+07:00  INFO 46984 --- [bai4_qlsp_LeBinh] [           main] .s.d.r.c.RepositoryConfigurationDelegate : Bootstrapping Spring Data JPA repositories in DEFAULT mode.
2026-03-28T01:54:38.438+07:00  INFO 46984 --- [bai4_qlsp_LeBinh] [           main] .s.d.r.c.RepositoryConfigurationDelegate : Finished Spring Data repository scanning in 54 ms. Found 9 JPA repository interfaces.
2026-03-28T01:54:38.937+07:00  INFO 46984 --- [bai4_qlsp_LeBinh] [           main] o.s.boot.tomcat.TomcatWebServer          : Tomcat initialized with port 8080 (http)
2026-03-28T01:54:38.949+07:00  INFO 46984 --- [bai4_qlsp_LeBinh] [           main] o.apache.catalina.core.StandardService   : Starting service [Tomcat]
2026-03-28T01:54:38.949+07:00  INFO 46984 --- [bai4_qlsp_LeBinh] [           main] o.apache.catalina.core.StandardEngine    : Starting Servlet engine: [Apache Tomcat/11.0.18]
2026-03-28T01:54:38.991+07:00  INFO 46984 --- [bai4_qlsp_LeBinh] [           main] b.w.c.s.WebApplicationContextInitializer : Root WebApplicationContext: initialization completed in 1122 ms
2026-03-28T01:54:39.168+07:00  INFO 46984 --- [bai4_qlsp_LeBinh] [           main] org.hibernate.orm.jpa                    : HHH008540: Processing PersistenceUnitInfo [name: default]
2026-03-28T01:54:39.210+07:00  INFO 46984 --- [bai4_qlsp_LeBinh] [           main] org.hibernate.orm.core                   : HHH000001: Hibernate ORM core version 7.2.4.Final
2026-03-28T01:54:39.607+07:00  INFO 46984 --- [bai4_qlsp_LeBinh] [           main] o.s.o.j.p.SpringPersistenceUnitInfo      : No LoadTimeWeaver setup: ignoring JPA class transformer
2026-03-28T01:54:39.646+07:00  INFO 46984 --- [bai4_qlsp_LeBinh] [           main] com.zaxxer.hikari.HikariDataSource       : HikariPool-1 - Starting...
2026-03-28T01:54:39.813+07:00  INFO 46984 --- [bai4_qlsp_LeBinh] [           main] com.zaxxer.hikari.pool.HikariPool        : HikariPool-1 - Added connection com.mysql.cj.jdbc.ConnectionImpl@66abb2fa
2026-03-28T01:54:39.815+07:00  INFO 46984 --- [bai4_qlsp_LeBinh] [           main] com.zaxxer.hikari.HikariDataSource       : HikariPool-1 - Start completed.
2026-03-28T01:54:39.903+07:00  INFO 46984 --- [bai4_qlsp_LeBinh] [           main] org.hibernate.orm.connections.pooling    : HHH10001005: Database info:
	Database JDBC URL [jdbc:mysql://127.0.0.1:3306/furniture_shop?useSSL=false&serverTimezone=Asia/Ho_Chi_Minh]
	Database driver: MySQL Connector/J
	Database dialect: MySQLDialect
	Database version: 9.2
	Default catalog/schema: furniture_shop/undefined
	Autocommit mode: undefined/unknown
	Isolation level: REPEATABLE_READ [default REPEATABLE_READ]
	JDBC fetch size: none
	Pool: DataSourceConnectionProvider
	Minimum pool size: undefined/unknown
	Maximum pool size: undefined/unknown
2026-03-28T01:54:40.973+07:00  INFO 46984 --- [bai4_qlsp_LeBinh] [           main] org.hibernate.orm.core                   : HHH000489: No JTA platform available (set 'hibernate.transaction.jta.platform' to enable JTA platform integration)
2026-03-28T01:54:41.039+07:00  INFO 46984 --- [bai4_qlsp_LeBinh] [           main] j.LocalContainerEntityManagerFactoryBean : Initialized JPA EntityManagerFactory for persistence unit 'default'
2026-03-28T01:54:41.124+07:00  INFO 46984 --- [bai4_qlsp_LeBinh] [           main] o.s.d.j.r.query.QueryEnhancerFactories   : Hibernate is in classpath; If applicable, HQL parser will be used.
2026-03-28T01:54:41.588+07:00  INFO 46984 --- [bai4_qlsp_LeBinh] [           main] r$InitializeUserDetailsManagerConfigurer : Global AuthenticationManager configured with UserDetailsService bean with name accountService
2026-03-28T01:54:42.078+07:00  WARN 46984 --- [bai4_qlsp_LeBinh] [           main] ConfigServletWebServerApplicationContext : Exception encountered during context initialization - cancelling refresh attempt: org.springframework.context.ApplicationContextException: Failed to start bean 'webServerStartStop'
2026-03-28T01:54:42.082+07:00  INFO 46984 --- [bai4_qlsp_LeBinh] [           main] j.LocalContainerEntityManagerFactoryBean : Closing JPA EntityManagerFactory for persistence unit 'default'
2026-03-28T01:54:42.084+07:00  INFO 46984 --- [bai4_qlsp_LeBinh] [           main] com.zaxxer.hikari.HikariDataSource       : HikariPool-1 - Shutdown initiated...
2026-03-28T01:54:42.089+07:00  INFO 46984 --- [bai4_qlsp_LeBinh] [           main] com.zaxxer.hikari.HikariDataSource       : HikariPool-1 - Shutdown completed.
2026-03-28T01:54:42.097+07:00  INFO 46984 --- [bai4_qlsp_LeBinh] [           main] .s.b.a.l.ConditionEvaluationReportLogger : 

Error starting ApplicationContext. To display the condition evaluation report re-run your application with 'debug' enabled.
2026-03-28T01:54:42.108+07:00 ERROR 46984 --- [bai4_qlsp_LeBinh] [           main] o.s.b.d.LoggingFailureAnalysisReporter   : 

***************************
APPLICATION FAILED TO START
***************************

Description:

Web server failed to start. Port 8080 was already in use.

Action:

Identify and stop the process that's listening on port 8080 or configure this application to listen on another port.

[INFO] ------------------------------------------------------------------------
[INFO] BUILD FAILURE
[INFO] ------------------------------------------------------------------------
[INFO] Total time:  37.701 s
[INFO] Finished at: 2026-03-28T01:54:42+07:00
[INFO] ------------------------------------------------------------------------
[ERROR] Failed to execute goal org.springframework.boot:spring-boot-maven-plugin:4.0.3:run (default-cli) on project demo: Process terminated with exit code: 1 -> [Help 1]
[ERROR] 
[ERROR] To see the full stack trace of the errors, re-run Maven with the '-e' switch
[ERROR] Re-run Maven using the '-X' switch to enable verbose output
[ERROR] 
[ERROR] For more information about the errors and possible solutions, please read the following articles:
[ERROR] [Help 1] http://cwiki.apache.org/confluence/display/MAVEN/MojoExecutionException
